<?xml version="1.0" encoding="UTF-8"?>
<testsuite xmlns:xsi="http://www.w3.org/2001/XMLSchema-instance" xsi:noNamespaceSchemaLocation="https://maven.apache.org/surefire/maven-surefire-plugin/xsd/surefire-test-report-3.0.xsd" version="3.0" name="es.iespuertodelacruz.npm.instituto.repository.MatriculaRepositoryTest" time="1.558" tests="7" errors="0" skipped="0" failures="0">
  <properties>
[...]
</properties>
  <testcase name="testFindAll" classname="es.iespuertodelacruz.npm.instituto.repository.MatriculaRepositoryTest" time="0.11">
    <system-out><![CDATA[Hibernate: 
    select
        matricula0_."id" as id1_3_,
        matricula0_."dni" as dni3_3_,
        matricula0_."year" as year2_3_ 
    from
        "matriculas" matricula0_
Hibernate: 
    select
        alumno0_."dni" as dni1_0_0_,
        alumno0_."apellidos" as apellido2_0_0_,
        alumno0_."fechanacimiento" as fechanac3_0_0_,
        alumno0_."nombre" as nombre4_0_0_ 
    from
        "alumnos" alumno0_ 
    where
        alumno0_."dni"=?
]]></system-out>
    <system-err><![CDATA[nov 17, 2023 10:53:06 A. M. org.hibernate.jpa.internal.util.LogHelper logPersistenceUnitInformation
INFO: HHH000204: Processing PersistenceUnitInfo [name: TEST]
nov 17, 2023 10:53:06 A. M. org.hibernate.Version logVersion
INFO: HHH000412: Hibernate Core {5.4.3.Final}
nov 17, 2023 10:53:06 A. M. org.hibernate.annotations.common.reflection.java.JavaReflectionManager <clinit>
INFO: HCANN000001: Hibernate Commons Annotations {5.1.0.Final}
nov 17, 2023 10:53:06 A. M. org.hibernate.engine.jdbc.connections.internal.DriverManagerConnectionProviderImpl configure
WARN: HHH10001002: Using Hibernate built-in connection pool (not for production use!)
nov 17, 2023 10:53:06 A. M. org.hibernate.engine.jdbc.connections.internal.DriverManagerConnectionProviderImpl buildCreator
INFO: HHH10001005: using driver [org.h2.Driver] at URL [jdbc:h2:mem:test;DB_CLOSE_ON_EXIT=TRUE;DB_CLOSE_DELAY=0;MODE=Mysql;DATABASE_TO_LOWER=TRUE;INIT=RUNSCRIPT FROM 'src/test/resources/instituto.sql';]
nov 17, 2023 10:53:06 A. M. org.hibernate.engine.jdbc.connections.internal.DriverManagerConnectionProviderImpl buildCreator
INFO: HHH10001001: Connection properties: {}
nov 17, 2023 10:53:06 A. M. org.hibernate.engine.jdbc.connections.internal.DriverManagerConnectionProviderImpl buildCreator
INFO: HHH10001003: Autocommit mode: false
nov 17, 2023 10:53:06 A. M. org.hibernate.engine.jdbc.connections.internal.DriverManagerConnectionProviderImpl$PooledConnections <init>
INFO: HHH000115: Hibernate connection pool size: 20 (min=1)
nov 17, 2023 10:53:07 A. M. org.hibernate.dialect.Dialect <init>
INFO: HHH000400: Using dialect: org.hibernate.dialect.H2Dialect
nov 17, 2023 10:53:07 A. M. org.hibernate.engine.transaction.jta.platform.internal.JtaPlatformInitiator initiateService
INFO: HHH000490: Using JtaPlatform implementation: [org.hibernate.engine.transaction.jta.platform.internal.NoJtaPlatform]
]]></system-err>
  </testcase>
  <testcase name="testSave" classname="es.iespuertodelacruz.npm.instituto.repository.MatriculaRepositoryTest" time="0.031">
    <system-out><![CDATA[Hibernate: 
    insert 
    into
        "matriculas"
        ("id", "dni", "year") 
    values
        (null, ?, ?)
Hibernate: 
    select
        matricula0_."id" as id1_3_0_,
        matricula0_."dni" as dni3_3_0_,
        matricula0_."year" as year2_3_0_ 
    from
        "matriculas" matricula0_ 
    where
        matricula0_."id"=?
Hibernate: 
    select
        matricula0_."id" as id1_3_0_,
        matricula0_."dni" as dni3_3_0_,
        matricula0_."year" as year2_3_0_,
        alumno1_."dni" as dni1_0_1_,
        alumno1_."apellidos" as apellido2_0_1_,
        alumno1_."fechanacimiento" as fechanac3_0_1_,
        alumno1_."nombre" as nombre4_0_1_ 
    from
        "matriculas" matricula0_ 
    left outer join
        "alumnos" alumno1_ 
            on matricula0_."dni"=alumno1_."dni" 
    where
        matricula0_."id"=?
Hibernate: 
    select
        asignatura0_."idmatricula" as idmatric2_1_0_,
        asignatura0_."idasignatura" as idasigna1_1_0_,
        asignatura1_."id" as id1_2_1_,
        asignatura1_."curso" as curso2_2_1_,
        asignatura1_."nombre" as nombre3_2_1_ 
    from
        "asignatura_matricula" asignatura0_ 
    inner join
        "asignaturas" asignatura1_ 
            on asignatura0_."idasignatura"=asignatura1_."id" 
    where
        asignatura0_."idmatricula"=?
]]></system-out>
  </testcase>
  <testcase name="testFindAllRel" classname="es.iespuertodelacruz.npm.instituto.repository.MatriculaRepositoryTest" time="0.013">
    <system-out><![CDATA[Hibernate: 
    select
        matricula0_."id" as id1_3_0_,
        asignatura2_."id" as id1_2_1_,
        matricula0_."dni" as dni3_3_0_,
        matricula0_."year" as year2_3_0_,
        asignatura2_."curso" as curso2_2_1_,
        asignatura2_."nombre" as nombre3_2_1_,
        asignatura1_."idmatricula" as idmatric2_1_0__,
        asignatura1_."idasignatura" as idasigna1_1_0__ 
    from
        "matriculas" matricula0_ 
    left outer join
        "asignatura_matricula" asignatura1_ 
            on matricula0_."id"=asignatura1_."idmatricula" 
    left outer join
        "asignaturas" asignatura2_ 
            on asignatura1_."idasignatura"=asignatura2_."id"
Hibernate: 
    select
        alumno0_."dni" as dni1_0_0_,
        alumno0_."apellidos" as apellido2_0_0_,
        alumno0_."fechanacimiento" as fechanac3_0_0_,
        alumno0_."nombre" as nombre4_0_0_ 
    from
        "alumnos" alumno0_ 
    where
        alumno0_."dni"=?
]]></system-out>
  </testcase>
  <testcase name="testFindById" classname="es.iespuertodelacruz.npm.instituto.repository.MatriculaRepositoryTest" time="0.002">
    <system-out><![CDATA[Hibernate: 
    select
        matricula0_."id" as id1_3_0_,
        matricula0_."dni" as dni3_3_0_,
        matricula0_."year" as year2_3_0_,
        alumno1_."dni" as dni1_0_1_,
        alumno1_."apellidos" as apellido2_0_1_,
        alumno1_."fechanacimiento" as fechanac3_0_1_,
        alumno1_."nombre" as nombre4_0_1_ 
    from
        "matriculas" matricula0_ 
    left outer join
        "alumnos" alumno1_ 
            on matricula0_."dni"=alumno1_."dni" 
    where
        matricula0_."id"=?
]]></system-out>
  </testcase>
  <testcase name="testFindByIdRel" classname="es.iespuertodelacruz.npm.instituto.repository.MatriculaRepositoryTest" time="0.004">
    <system-out><![CDATA[Hibernate: 
    select
        matricula0_."id" as id1_3_0_,
        matricula0_."dni" as dni3_3_0_,
        matricula0_."year" as year2_3_0_,
        alumno1_."dni" as dni1_0_1_,
        alumno1_."apellidos" as apellido2_0_1_,
        alumno1_."fechanacimiento" as fechanac3_0_1_,
        alumno1_."nombre" as nombre4_0_1_ 
    from
        "matriculas" matricula0_ 
    left outer join
        "alumnos" alumno1_ 
            on matricula0_."dni"=alumno1_."dni" 
    where
        matricula0_."id"=?
Hibernate: 
    select
        asignatura0_."idmatricula" as idmatric2_1_0_,
        asignatura0_."idasignatura" as idasigna1_1_0_,
        asignatura1_."id" as id1_2_1_,
        asignatura1_."curso" as curso2_2_1_,
        asignatura1_."nombre" as nombre3_2_1_ 
    from
        "asignatura_matricula" asignatura0_ 
    inner join
        "asignaturas" asignatura1_ 
            on asignatura0_."idasignatura"=asignatura1_."id" 
    where
        asignatura0_."idmatricula"=?
]]></system-out>
  </testcase>
  <testcase name="testRemove" classname="es.iespuertodelacruz.npm.instituto.repository.MatriculaRepositoryTest" time="0.022">
    <system-out><![CDATA[Hibernate: 
    select
        matricula0_."id" as id1_3_0_,
        matricula0_."dni" as dni3_3_0_,
        matricula0_."year" as year2_3_0_,
        alumno1_."dni" as dni1_0_1_,
        alumno1_."apellidos" as apellido2_0_1_,
        alumno1_."fechanacimiento" as fechanac3_0_1_,
        alumno1_."nombre" as nombre4_0_1_ 
    from
        "matriculas" matricula0_ 
    left outer join
        "alumnos" alumno1_ 
            on matricula0_."dni"=alumno1_."dni" 
    where
        matricula0_."id"=?
Hibernate: 
    select
        asignatura0_."idmatricula" as idmatric2_1_0_,
        asignatura0_."idasignatura" as idasigna1_1_0_,
        asignatura1_."id" as id1_2_1_,
        asignatura1_."curso" as curso2_2_1_,
        asignatura1_."nombre" as nombre3_2_1_ 
    from
        "asignatura_matricula" asignatura0_ 
    inner join
        "asignaturas" asignatura1_ 
            on asignatura0_."idasignatura"=asignatura1_."id" 
    where
        asignatura0_."idmatricula"=?
Hibernate: 
    delete 
    from
        "asignatura_matricula" 
    where
        "idasignatura"=?
Hibernate: 
    delete 
    from
        "asignaturas" 
    where
        "id"=?
Hibernate: 
    delete 
    from
        "matriculas" 
    where
        "id"=?
Hibernate: 
    select
        matricula0_."id" as id1_3_0_,
        matricula0_."dni" as dni3_3_0_,
        matricula0_."year" as year2_3_0_,
        alumno1_."dni" as dni1_0_1_,
        alumno1_."apellidos" as apellido2_0_1_,
        alumno1_."fechanacimiento" as fechanac3_0_1_,
        alumno1_."nombre" as nombre4_0_1_ 
    from
        "matriculas" matricula0_ 
    left outer join
        "alumnos" alumno1_ 
            on matricula0_."dni"=alumno1_."dni" 
    where
        matricula0_."id"=?
]]></system-out>
  </testcase>
  <testcase name="testUpdate" classname="es.iespuertodelacruz.npm.instituto.repository.MatriculaRepositoryTest" time="0.009">
    <system-out><![CDATA[Hibernate: 
    select
        matricula0_."id" as id1_3_0_,
        matricula0_."dni" as dni3_3_0_,
        matricula0_."year" as year2_3_0_,
        alumno1_."dni" as dni1_0_1_,
        alumno1_."apellidos" as apellido2_0_1_,
        alumno1_."fechanacimiento" as fechanac3_0_1_,
        alumno1_."nombre" as nombre4_0_1_ 
    from
        "matriculas" matricula0_ 
    left outer join
        "alumnos" alumno1_ 
            on matricula0_."dni"=alumno1_."dni" 
    where
        matricula0_."id"=?
Hibernate: 
    update
        "matriculas" 
    set
        "dni"=?,
        "year"=? 
    where
        "id"=?
Hibernate: 
    select
        matricula0_."id" as id1_3_0_,
        matricula0_."dni" as dni3_3_0_,
        matricula0_."year" as year2_3_0_,
        alumno1_."dni" as dni1_0_1_,
        alumno1_."apellidos" as apellido2_0_1_,
        alumno1_."fechanacimiento" as fechanac3_0_1_,
        alumno1_."nombre" as nombre4_0_1_ 
    from
        "matriculas" matricula0_ 
    left outer join
        "alumnos" alumno1_ 
            on matricula0_."dni"=alumno1_."dni" 
    where
        matricula0_."id"=?
Hibernate: 
    select
        asignatura0_."idmatricula" as idmatric2_1_0_,
        asignatura0_."idasignatura" as idasigna1_1_0_,
        asignatura1_."id" as id1_2_1_,
        asignatura1_."curso" as curso2_2_1_,
        asignatura1_."nombre" as nombre3_2_1_ 
    from
        "asignatura_matricula" asignatura0_ 
    inner join
        "asignaturas" asignatura1_ 
            on asignatura0_."idasignatura"=asignatura1_."id" 
    where
        asignatura0_."idmatricula"=?
]]></system-out>
  </testcase>
</testsuite>