<?xml version="1.0" encoding="UTF-8"?>
<testsuite xmlns:xsi="http://www.w3.org/2001/XMLSchema-instance" xsi:noNamespaceSchemaLocation="https://maven.apache.org/surefire/maven-surefire-plugin/xsd/surefire-test-report-3.0.xsd" version="3.0" name="es.iespuertodelacruz.npm.instituto.repository.AsignaturaRepositoryTest" time="0.086" tests="5" errors="0" skipped="0" failures="0">
  <properties>
[...]
</properties>
  <testcase name="testFindAll" classname="es.iespuertodelacruz.npm.instituto.repository.AsignaturaRepositoryTest" time="0.012">
    <system-out><![CDATA[Hibernate: 
    select
        asignatura0_."id" as id1_2_,
        asignatura0_."curso" as curso2_2_,
        asignatura0_."nombre" as nombre3_2_ 
    from
        "asignaturas" asignatura0_
Hibernate: 
    select
        matriculas0_."idasignatura" as idasigna1_1_0_,
        matriculas0_."idmatricula" as idmatric2_1_0_,
        matricula1_."id" as id1_3_1_,
        matricula1_."dni" as dni3_3_1_,
        matricula1_."year" as year2_3_1_,
        alumno2_."dni" as dni1_0_2_,
        alumno2_."apellidos" as apellido2_0_2_,
        alumno2_."fechanacimiento" as fechanac3_0_2_,
        alumno2_."nombre" as nombre4_0_2_ 
    from
        "asignatura_matricula" matriculas0_ 
    inner join
        "matriculas" matricula1_ 
            on matriculas0_."idmatricula"=matricula1_."id" 
    left outer join
        "alumnos" alumno2_ 
            on matricula1_."dni"=alumno2_."dni" 
    where
        matriculas0_."idasignatura"=?
Hibernate: 
    select
        matriculas0_."idasignatura" as idasigna1_1_0_,
        matriculas0_."idmatricula" as idmatric2_1_0_,
        matricula1_."id" as id1_3_1_,
        matricula1_."dni" as dni3_3_1_,
        matricula1_."year" as year2_3_1_,
        alumno2_."dni" as dni1_0_2_,
        alumno2_."apellidos" as apellido2_0_2_,
        alumno2_."fechanacimiento" as fechanac3_0_2_,
        alumno2_."nombre" as nombre4_0_2_ 
    from
        "asignatura_matricula" matriculas0_ 
    inner join
        "matriculas" matricula1_ 
            on matriculas0_."idmatricula"=matricula1_."id" 
    left outer join
        "alumnos" alumno2_ 
            on matricula1_."dni"=alumno2_."dni" 
    where
        matriculas0_."idasignatura"=?
Hibernate: 
    select
        matriculas0_."idasignatura" as idasigna1_1_0_,
        matriculas0_."idmatricula" as idmatric2_1_0_,
        matricula1_."id" as id1_3_1_,
        matricula1_."dni" as dni3_3_1_,
        matricula1_."year" as year2_3_1_,
        alumno2_."dni" as dni1_0_2_,
        alumno2_."apellidos" as apellido2_0_2_,
        alumno2_."fechanacimiento" as fechanac3_0_2_,
        alumno2_."nombre" as nombre4_0_2_ 
    from
        "asignatura_matricula" matriculas0_ 
    inner join
        "matriculas" matricula1_ 
            on matriculas0_."idmatricula"=matricula1_."id" 
    left outer join
        "alumnos" alumno2_ 
            on matricula1_."dni"=alumno2_."dni" 
    where
        matriculas0_."idasignatura"=?
Hibernate: 
    select
        matriculas0_."idasignatura" as idasigna1_1_0_,
        matriculas0_."idmatricula" as idmatric2_1_0_,
        matricula1_."id" as id1_3_1_,
        matricula1_."dni" as dni3_3_1_,
        matricula1_."year" as year2_3_1_,
        alumno2_."dni" as dni1_0_2_,
        alumno2_."apellidos" as apellido2_0_2_,
        alumno2_."fechanacimiento" as fechanac3_0_2_,
        alumno2_."nombre" as nombre4_0_2_ 
    from
        "asignatura_matricula" matriculas0_ 
    inner join
        "matriculas" matricula1_ 
            on matriculas0_."idmatricula"=matricula1_."id" 
    left outer join
        "alumnos" alumno2_ 
            on matricula1_."dni"=alumno2_."dni" 
    where
        matriculas0_."idasignatura"=?
Hibernate: 
    select
        matriculas0_."idasignatura" as idasigna1_1_0_,
        matriculas0_."idmatricula" as idmatric2_1_0_,
        matricula1_."id" as id1_3_1_,
        matricula1_."dni" as dni3_3_1_,
        matricula1_."year" as year2_3_1_,
        alumno2_."dni" as dni1_0_2_,
        alumno2_."apellidos" as apellido2_0_2_,
        alumno2_."fechanacimiento" as fechanac3_0_2_,
        alumno2_."nombre" as nombre4_0_2_ 
    from
        "asignatura_matricula" matriculas0_ 
    inner join
        "matriculas" matricula1_ 
            on matriculas0_."idmatricula"=matricula1_."id" 
    left outer join
        "alumnos" alumno2_ 
            on matricula1_."dni"=alumno2_."dni" 
    where
        matriculas0_."idasignatura"=?
Hibernate: 
    select
        matriculas0_."idasignatura" as idasigna1_1_0_,
        matriculas0_."idmatricula" as idmatric2_1_0_,
        matricula1_."id" as id1_3_1_,
        matricula1_."dni" as dni3_3_1_,
        matricula1_."year" as year2_3_1_,
        alumno2_."dni" as dni1_0_2_,
        alumno2_."apellidos" as apellido2_0_2_,
        alumno2_."fechanacimiento" as fechanac3_0_2_,
        alumno2_."nombre" as nombre4_0_2_ 
    from
        "asignatura_matricula" matriculas0_ 
    inner join
        "matriculas" matricula1_ 
            on matriculas0_."idmatricula"=matricula1_."id" 
    left outer join
        "alumnos" alumno2_ 
            on matricula1_."dni"=alumno2_."dni" 
    where
        matriculas0_."idasignatura"=?
Hibernate: 
    select
        matriculas0_."idasignatura" as idasigna1_1_0_,
        matriculas0_."idmatricula" as idmatric2_1_0_,
        matricula1_."id" as id1_3_1_,
        matricula1_."dni" as dni3_3_1_,
        matricula1_."year" as year2_3_1_,
        alumno2_."dni" as dni1_0_2_,
        alumno2_."apellidos" as apellido2_0_2_,
        alumno2_."fechanacimiento" as fechanac3_0_2_,
        alumno2_."nombre" as nombre4_0_2_ 
    from
        "asignatura_matricula" matriculas0_ 
    inner join
        "matriculas" matricula1_ 
            on matriculas0_."idmatricula"=matricula1_."id" 
    left outer join
        "alumnos" alumno2_ 
            on matricula1_."dni"=alumno2_."dni" 
    where
        matriculas0_."idasignatura"=?
Hibernate: 
    select
        matriculas0_."idasignatura" as idasigna1_1_0_,
        matriculas0_."idmatricula" as idmatric2_1_0_,
        matricula1_."id" as id1_3_1_,
        matricula1_."dni" as dni3_3_1_,
        matricula1_."year" as year2_3_1_,
        alumno2_."dni" as dni1_0_2_,
        alumno2_."apellidos" as apellido2_0_2_,
        alumno2_."fechanacimiento" as fechanac3_0_2_,
        alumno2_."nombre" as nombre4_0_2_ 
    from
        "asignatura_matricula" matriculas0_ 
    inner join
        "matriculas" matricula1_ 
            on matriculas0_."idmatricula"=matricula1_."id" 
    left outer join
        "alumnos" alumno2_ 
            on matricula1_."dni"=alumno2_."dni" 
    where
        matriculas0_."idasignatura"=?
]]></system-out>
    <system-err><![CDATA[nov 17, 2023 10:22:53 A. M. org.hibernate.jpa.internal.util.LogHelper logPersistenceUnitInformation
INFO: HHH000204: Processing PersistenceUnitInfo [name: TEST]
nov 17, 2023 10:22:53 A. M. org.hibernate.engine.jdbc.connections.internal.DriverManagerConnectionProviderImpl configure
WARN: HHH10001002: Using Hibernate built-in connection pool (not for production use!)
nov 17, 2023 10:22:53 A. M. org.hibernate.engine.jdbc.connections.internal.DriverManagerConnectionProviderImpl buildCreator
INFO: HHH10001005: using driver [org.h2.Driver] at URL [jdbc:h2:mem:test;DB_CLOSE_ON_EXIT=TRUE;DB_CLOSE_DELAY=0;MODE=Mysql;DATABASE_TO_LOWER=TRUE;INIT=RUNSCRIPT FROM 'src/test/resources/instituto.sql';]
nov 17, 2023 10:22:53 A. M. org.hibernate.engine.jdbc.connections.internal.DriverManagerConnectionProviderImpl buildCreator
INFO: HHH10001001: Connection properties: {}
nov 17, 2023 10:22:53 A. M. org.hibernate.engine.jdbc.connections.internal.DriverManagerConnectionProviderImpl buildCreator
INFO: HHH10001003: Autocommit mode: false
nov 17, 2023 10:22:53 A. M. org.hibernate.engine.jdbc.connections.internal.DriverManagerConnectionProviderImpl$PooledConnections <init>
INFO: HHH000115: Hibernate connection pool size: 20 (min=1)
nov 17, 2023 10:22:53 A. M. org.hibernate.dialect.Dialect <init>
INFO: HHH000400: Using dialect: org.hibernate.dialect.H2Dialect
nov 17, 2023 10:22:53 A. M. org.hibernate.engine.transaction.jta.platform.internal.JtaPlatformInitiator initiateService
INFO: HHH000490: Using JtaPlatform implementation: [org.hibernate.engine.transaction.jta.platform.internal.NoJtaPlatform]
]]></system-err>
  </testcase>
  <testcase name="testSave" classname="es.iespuertodelacruz.npm.instituto.repository.AsignaturaRepositoryTest" time="0.007">
    <system-out><![CDATA[Hibernate: 
    insert 
    into
        "asignaturas"
        ("id", "curso", "nombre") 
    values
        (null, ?, ?)
Hibernate: 
    select
        asignatura0_."id" as id1_2_0_,
        asignatura0_."curso" as curso2_2_0_,
        asignatura0_."nombre" as nombre3_2_0_ 
    from
        "asignaturas" asignatura0_ 
    where
        asignatura0_."id"=?
]]></system-out>
  </testcase>
  <testcase name="testFindById" classname="es.iespuertodelacruz.npm.instituto.repository.AsignaturaRepositoryTest" time="0.002">
    <system-out><![CDATA[Hibernate: 
    select
        asignatura0_."id" as id1_2_0_,
        asignatura0_."curso" as curso2_2_0_,
        asignatura0_."nombre" as nombre3_2_0_ 
    from
        "asignaturas" asignatura0_ 
    where
        asignatura0_."id"=?
]]></system-out>
  </testcase>
  <testcase name="testRemove" classname="es.iespuertodelacruz.npm.instituto.repository.AsignaturaRepositoryTest" time="0.004">
    <system-out><![CDATA[Hibernate: 
    select
        asignatura0_."id" as id1_2_0_,
        asignatura0_."curso" as curso2_2_0_,
        asignatura0_."nombre" as nombre3_2_0_ 
    from
        "asignaturas" asignatura0_ 
    where
        asignatura0_."id"=?
Hibernate: 
    select
        matriculas0_."idasignatura" as idasigna1_1_0_,
        matriculas0_."idmatricula" as idmatric2_1_0_,
        matricula1_."id" as id1_3_1_,
        matricula1_."dni" as dni3_3_1_,
        matricula1_."year" as year2_3_1_,
        alumno2_."dni" as dni1_0_2_,
        alumno2_."apellidos" as apellido2_0_2_,
        alumno2_."fechanacimiento" as fechanac3_0_2_,
        alumno2_."nombre" as nombre4_0_2_ 
    from
        "asignatura_matricula" matriculas0_ 
    inner join
        "matriculas" matricula1_ 
            on matriculas0_."idmatricula"=matricula1_."id" 
    left outer join
        "alumnos" alumno2_ 
            on matricula1_."dni"=alumno2_."dni" 
    where
        matriculas0_."idasignatura"=?
Hibernate: 
    delete 
    from
        "asignaturas" 
    where
        "id"=?
Hibernate: 
    select
        asignatura0_."id" as id1_2_0_,
        asignatura0_."curso" as curso2_2_0_,
        asignatura0_."nombre" as nombre3_2_0_ 
    from
        "asignaturas" asignatura0_ 
    where
        asignatura0_."id"=?
]]></system-out>
  </testcase>
  <testcase name="testUpdate" classname="es.iespuertodelacruz.npm.instituto.repository.AsignaturaRepositoryTest" time="0.004">
    <system-out><![CDATA[Hibernate: 
    select
        asignatura0_."id" as id1_2_0_,
        asignatura0_."curso" as curso2_2_0_,
        asignatura0_."nombre" as nombre3_2_0_ 
    from
        "asignaturas" asignatura0_ 
    where
        asignatura0_."id"=?
Hibernate: 
    update
        "asignaturas" 
    set
        "curso"=?,
        "nombre"=? 
    where
        "id"=?
Hibernate: 
    select
        asignatura0_."id" as id1_2_0_,
        asignatura0_."curso" as curso2_2_0_,
        asignatura0_."nombre" as nombre3_2_0_ 
    from
        "asignaturas" asignatura0_ 
    where
        asignatura0_."id"=?
]]></system-out>
  </testcase>
</testsuite>