<?xml version="1.0" encoding="UTF-8"?>
<testsuite xmlns:xsi="http://www.w3.org/2001/XMLSchema-instance" xsi:noNamespaceSchemaLocation="https://maven.apache.org/surefire/maven-surefire-plugin/xsd/surefire-test-report-3.0.xsd" version="3.0" name="es.iespuertodelacruz.npm.instituto.repository.AlumnoRepositoryTest" time="1.814" tests="5" errors="0" skipped="0" failures="0">
  <properties>
[...]
</properties>
  <testcase name="testFindById" classname="es.iespuertodelacruz.npm.instituto.repository.AlumnoRepositoryTest" time="0.124">
    <system-out><![CDATA[Hibernate: 
    select
        alumno0_."dni" as dni1_0_0_,
        alumno0_."apellidos" as apellido2_0_0_,
        alumno0_."fechanacimiento" as fechanac3_0_0_,
        alumno0_."nombre" as nombre4_0_0_ 
    from
        "alumnos" alumno0_ 
    where
        alumno0_."dni"=?
]]></system-out>
    <system-err><![CDATA[dic 06, 2023 7:41:10 P. M. org.hibernate.jpa.internal.util.LogHelper logPersistenceUnitInformation
INFO: HHH000204: Processing PersistenceUnitInfo [name: TEST]
dic 06, 2023 7:41:10 P. M. org.hibernate.Version logVersion
INFO: HHH000412: Hibernate Core {5.4.3.Final}
dic 06, 2023 7:41:10 P. M. org.hibernate.annotations.common.reflection.java.JavaReflectionManager <clinit>
INFO: HCANN000001: Hibernate Commons Annotations {5.1.0.Final}
dic 06, 2023 7:41:10 P. M. org.hibernate.engine.jdbc.connections.internal.DriverManagerConnectionProviderImpl configure
WARN: HHH10001002: Using Hibernate built-in connection pool (not for production use!)
dic 06, 2023 7:41:10 P. M. org.hibernate.engine.jdbc.connections.internal.DriverManagerConnectionProviderImpl buildCreator
INFO: HHH10001005: using driver [org.h2.Driver] at URL [jdbc:h2:mem:test;DB_CLOSE_ON_EXIT=TRUE;DB_CLOSE_DELAY=0;MODE=Mysql;DATABASE_TO_LOWER=TRUE;INIT=RUNSCRIPT FROM 'src/test/resources/instituto.sql';]
dic 06, 2023 7:41:10 P. M. org.hibernate.engine.jdbc.connections.internal.DriverManagerConnectionProviderImpl buildCreator
INFO: HHH10001001: Connection properties: {}
dic 06, 2023 7:41:10 P. M. org.hibernate.engine.jdbc.connections.internal.DriverManagerConnectionProviderImpl buildCreator
INFO: HHH10001003: Autocommit mode: false
dic 06, 2023 7:41:10 P. M. org.hibernate.engine.jdbc.connections.internal.DriverManagerConnectionProviderImpl$PooledConnections <init>
INFO: HHH000115: Hibernate connection pool size: 20 (min=1)
dic 06, 2023 7:41:10 P. M. org.hibernate.dialect.Dialect <init>
INFO: HHH000400: Using dialect: org.hibernate.dialect.H2Dialect
dic 06, 2023 7:41:11 P. M. org.hibernate.engine.transaction.jta.platform.internal.JtaPlatformInitiator initiateService
INFO: HHH000490: Using JtaPlatform implementation: [org.hibernate.engine.transaction.jta.platform.internal.NoJtaPlatform]
]]></system-err>
  </testcase>
  <testcase name="testFindAll" classname="es.iespuertodelacruz.npm.instituto.repository.AlumnoRepositoryTest" time="0.023">
    <system-out><![CDATA[Hibernate: 
    select
        alumno0_."dni" as dni1_0_,
        alumno0_."apellidos" as apellido2_0_,
        alumno0_."fechanacimiento" as fechanac3_0_,
        alumno0_."nombre" as nombre4_0_ 
    from
        "alumnos" alumno0_
Hibernate: 
    select
        matriculas0_."dni" as dni3_3_0_,
        matriculas0_."id" as id1_3_0_,
        matriculas0_."id" as id1_3_1_,
        matriculas0_."dni" as dni3_3_1_,
        matriculas0_."year" as year2_3_1_ 
    from
        "matriculas" matriculas0_ 
    where
        matriculas0_."dni"=?
Hibernate: 
    select
        matriculas0_."dni" as dni3_3_0_,
        matriculas0_."id" as id1_3_0_,
        matriculas0_."id" as id1_3_1_,
        matriculas0_."dni" as dni3_3_1_,
        matriculas0_."year" as year2_3_1_ 
    from
        "matriculas" matriculas0_ 
    where
        matriculas0_."dni"=?
Hibernate: 
    select
        matriculas0_."dni" as dni3_3_0_,
        matriculas0_."id" as id1_3_0_,
        matriculas0_."id" as id1_3_1_,
        matriculas0_."dni" as dni3_3_1_,
        matriculas0_."year" as year2_3_1_ 
    from
        "matriculas" matriculas0_ 
    where
        matriculas0_."dni"=?
]]></system-out>
  </testcase>
  <testcase name="testSave" classname="es.iespuertodelacruz.npm.instituto.repository.AlumnoRepositoryTest" time="0.016">
    <system-out><![CDATA[Hibernate: 
    insert 
    into
        "alumnos"
        ("apellidos", "fechanacimiento", "nombre", "dni") 
    values
        (?, ?, ?, ?)
Hibernate: 
    select
        alumno0_."dni" as dni1_0_0_,
        alumno0_."apellidos" as apellido2_0_0_,
        alumno0_."fechanacimiento" as fechanac3_0_0_,
        alumno0_."nombre" as nombre4_0_0_ 
    from
        "alumnos" alumno0_ 
    where
        alumno0_."dni"=?
]]></system-out>
  </testcase>
  <testcase name="testUpdate" classname="es.iespuertodelacruz.npm.instituto.repository.AlumnoRepositoryTest" time="0.008">
    <system-out><![CDATA[Hibernate: 
    select
        alumno0_."dni" as dni1_0_0_,
        alumno0_."apellidos" as apellido2_0_0_,
        alumno0_."fechanacimiento" as fechanac3_0_0_,
        alumno0_."nombre" as nombre4_0_0_ 
    from
        "alumnos" alumno0_ 
    where
        alumno0_."dni"=?
Hibernate: 
    update
        "alumnos" 
    set
        "apellidos"=?,
        "fechanacimiento"=?,
        "nombre"=? 
    where
        "dni"=?
Hibernate: 
    select
        alumno0_."dni" as dni1_0_0_,
        alumno0_."apellidos" as apellido2_0_0_,
        alumno0_."fechanacimiento" as fechanac3_0_0_,
        alumno0_."nombre" as nombre4_0_0_ 
    from
        "alumnos" alumno0_ 
    where
        alumno0_."dni"=?
]]></system-out>
  </testcase>
  <testcase name="testRemove" classname="es.iespuertodelacruz.npm.instituto.repository.AlumnoRepositoryTest" time="0.01">
    <system-out><![CDATA[Hibernate: 
    select
        alumno0_."dni" as dni1_0_0_,
        alumno0_."apellidos" as apellido2_0_0_,
        alumno0_."fechanacimiento" as fechanac3_0_0_,
        alumno0_."nombre" as nombre4_0_0_ 
    from
        "alumnos" alumno0_ 
    where
        alumno0_."dni"=?
Hibernate: 
    select
        matriculas0_."dni" as dni3_3_0_,
        matriculas0_."id" as id1_3_0_,
        matriculas0_."id" as id1_3_1_,
        matriculas0_."dni" as dni3_3_1_,
        matriculas0_."year" as year2_3_1_ 
    from
        "matriculas" matriculas0_ 
    where
        matriculas0_."dni"=?
Hibernate: 
    delete 
    from
        "alumnos" 
    where
        "dni"=?
Hibernate: 
    select
        alumno0_."dni" as dni1_0_0_,
        alumno0_."apellidos" as apellido2_0_0_,
        alumno0_."fechanacimiento" as fechanac3_0_0_,
        alumno0_."nombre" as nombre4_0_0_ 
    from
        "alumnos" alumno0_ 
    where
        alumno0_."dni"=?
]]></system-out>
  </testcase>
</testsuite>